<?xml version="1.0" encoding="UTF-8"?>
<testsuite name="com.unosquare.sailingapp.service.EventServiceTest" tests="4" skipped="0" failures="0" errors="0" timestamp="2022-09-22T15:54:41" hostname="bel-mc-190417a.ad.unosquare.com" time="3.106">
  <properties/>
  <testcase name="updateEvent_ReturnsOk()" classname="com.unosquare.sailingapp.service.EventServiceTest" time="2.987"/>
  <testcase name="getEventByID_ReturnsOk()" classname="com.unosquare.sailingapp.service.EventServiceTest" time="0.038"/>
  <testcase name="createEvent_ReturnsOk()" classname="com.unosquare.sailingapp.service.EventServiceTest" time="0.015"/>
  <testcase name="getAllEvents_ReturnsOk()" classname="com.unosquare.sailingapp.service.EventServiceTest" time="0.048"/>
  <system-out><![CDATA[]]></system-out>
  <system-err><![CDATA[]]></system-err>
</testsuite>
